351 2.1 84
500 2.3 85
847 2.5 85
424 2.2 85
499 2.3 85
601 2.4 85
373 2.1 83
590 2.3 85
796 2.5 85
718 2.4 85
605 2.4 85
65 1.4 77
589 2.3 85
696 2.4 85
447 2.2 84
258 2.0 82
642 2.4 85
528 2.3 84
251 2.0 82
607 2.3 84
1048 2.6 86
1076 2.6 85
710 2.4 85
1062 2.6 86
170 1.8 82
798 2.5 85
613 2.3 84
368 2.1 84
643 2.4 85
521 2.3 84
322 2.1 83
491 2.3 84
929 2.5 86
796 2.5 85
975 2.6 86
449 2.2 83
1138 2.6 86
201 1.9 81
1200 2.7 86
463 2.3 84
276 2.0 82
562 2.3 84
527 2.3 85
603 2.4 85
285 2.0 83
262 2.0 82
1163 2.6 85
879 2.5 85
565 2.3 84
247 2.0 82
547 2.3 84
482 2.3 85
908 2.5 85
212 1.9 82
444 2.2 84
318 2.1 84
465 2.3 84
1152 2.6 86
550 2.3 85
499 2.3 84
557 2.3 85
82 1.5 80
715 2.4 85
1098 2.6 86
8 0.5 58
766 2.5 85
869 2.5 85
102 1.6 79
178 1.8 80
433 2.2 84
205 1.9 83
443 2.2 85
1105 2.6 86
498 2.3 84
1069 2.6 85
377 2.2 84
1141 2.6 86
130 1.7 80
77 1.4 75
480 2.2 83
517 2.3 84
334 2.1 83
60 1.3 75
731 2.4 85
455 2.2 83
581 2.4 85
1125 2.6 86
251 2.0 82
901 2.5 85
679 2.4 85
252 2.0 82
899 2.5 85
738 2.5 86
1017 2.6 86
958 2.5 85
81234 3.9 79
79135 3.9 80
37873 3.9 84
24054 3.8 87
40225 3.9 84
