0 2495
0 2019
998175 1135
999028 2295
745 3607
0 569
0 424
0 2488
3718 657
999676 1835
0 838
344 2138
0 154
999383 1681
999564 376
999895 156
935853 1330
1040 3213
3017 4878
2064 4321
999706 319
997109 3647
999146 3155
0 1865
988019 1476
0 171
997906 768
24091 3186
3340 404
0 1181
998410 1953
999605 473
998955 2433
1188 1970
998854 1048
0 1572
534515 4068
996474 782
999948 150
999398 2167
4984 2627
357642 3529
999880 925
2598 2091
1758 1859
104380 1551
1752 3624
289 2931
998903 3577
997230 1177
