3 piles remaining: 47 4 1
8 piles remaining: 36 7 1 3 1 2 1 1
10 piles remaining: 34 4 1 5 1 2 1 1 2 1
3 piles remaining: 50 1 1
2 piles remaining: 51 1
9 piles remaining: 25 2 8 2 7 3 3 1 1
12 piles remaining: 24 4 3 7 1 1 2 2 2 3 2 1
4 piles remaining: 34 11 3 4
4 piles remaining: 44 6 1 1
9 piles remaining: 42 2 1 2 1 1 1 1 1
3 piles remaining: 49 2 1
11 piles remaining: 14 9 2 6 3 7 3 5 1 1 1
9 piles remaining: 42 1 2 2 1 1 1 1 1
24 piles remaining: 1 6 1 1 1 1 2 6 1 1 2 2 3 3 3 1 2 1 1 1 3 4 1 4
11 piles remaining: 36 3 2 1 1 1 1 1 3 1 2
7 piles remaining: 38 5 3 2 1 1 2
4 piles remaining: 44 4 3 1
6 piles remaining: 27 4 10 7 2 2
6 piles remaining: 37 4 8 1 1 1
7 piles remaining: 38 8 2 1 1 1 1
11 piles remaining: 31 10 1 1 1 2 1 2 1 1 1
7 piles remaining: 35 4 6 1 1 4 1
13 piles remaining: 27 3 3 1 2 2 1 3 4 3 1 1 1
25 piles remaining: 3 7 1 2 1 1 1 1 1 6 1 3 8 1 1 1 1 1 3 3 1 1 1 1 1
3 piles remaining: 47 3 2
20 piles remaining: 9 8 3 3 5 1 2 1 2 1 1 2 1 1 2 1 1 3 2 3
6 piles remaining: 30 6 4 5 1 6
6 piles remaining: 29 12 4 4 1 2
6 piles remaining: 25 19 2 3 1 2
3 piles remaining: 45 2 5
3 piles remaining: 47 4 1
3 piles remaining: 49 2 1
9 piles remaining: 31 10 4 2 1 1 1 1 1
11 piles remaining: 33 2 5 1 1 2 1 4 1 1 1
7 piles remaining: 40 1 1 4 1 4 1
7 piles remaining: 30 7 8 2 1 2 2
8 piles remaining: 39 7 1 1 1 1 1 1
6 piles remaining: 43 2 3 1 1 2
7 piles remaining: 28 12 5 2 1 3 1
4 piles remaining: 39 7 1 5
10 piles remaining: 29 2 5 1 2 4 6 1 1 1
12 piles remaining: 22 10 2 1 2 1 4 2 3 2 2 1
2 piles remaining: 51 1
4 piles remaining: 44 6 1 1
17 piles remaining: 22 3 4 2 3 1 1 1 1 2 3 1 1 2 3 1 1
16 piles remaining: 27 2 2 1 1 1 1 2 1 2 1 1 5 3 1 1
3 piles remaining: 44 3 5
6 piles remaining: 46 2 1 1 1 1
14 piles remaining: 25 1 4 1 3 1 1 2 2 3 3 3 2 1
8 piles remaining: 38 1 5 1 2 2 1 2
13 piles remaining: 30 2 1 3 1 1 1 1 1 2 4 3 2
6 piles remaining: 45 1 3 1 1 1
7 piles remaining: 39 4 2 3 2 1 1
5 piles remaining: 37 11 2 1 1
6 piles remaining: 34 13 2 1 1 1
23 piles remaining: 18 1 1 1 1 1 4 3 1 4 3 1 1 1 1 1 2 1 1 2 1 1 1
3 piles remaining: 49 2 1
22 piles remaining: 8 4 1 1 2 1 2 2 1 1 1 1 1 3 2 7 4 1 1 6 1 1
3 piles remaining: 43 7 2
3 piles remaining: 49 2 1
5 piles remaining: 44 3 2 2 1
11 piles remaining: 24 11 3 1 6 2 1 1 1 1 1
4 piles remaining: 45 2 3 2
11 piles remaining: 38 3 1 1 1 1 1 3 1 1 1
3 piles remaining: 48 1 3
10 piles remaining: 34 4 3 1 1 4 1 2 1 1
3 piles remaining: 34 10 8
5 piles remaining: 41 4 4 2 1
3 piles remaining: 37 9 6
13 piles remaining: 25 12 1 2 1 2 2 1 2 1 1 1 1
5 piles remaining: 40 8 1 1 2
17 piles remaining: 18 3 2 1 1 1 2 2 3 2 4 1 2 5 1 3 1
7 piles remaining: 27 6 10 2 5 1 1
6 piles remaining: 38 6 4 1 2 1
22 piles remaining: 17 4 2 1 3 2 2 4 2 1 1 1 1 1 1 1 1 1 3 1 1 1
5 piles remaining: 45 4 1 1 1
5 piles remaining: 34 6 9 1 2
1 pile remaining: 52
6 piles remaining: 41 1 3 2 2 3
4 piles remaining: 43 2 6 1
6 piles remaining: 34 6 4 4 2 2
7 piles remaining: 39 5 2 2 2 1 1
7 piles remaining: 41 2 5 1 1 1 1
3 piles remaining: 28 18 6
4 piles remaining: 28 21 2 1
7 piles remaining: 39 2 4 1 1 4 1
22 piles remaining: 21 1 3 2 1 1 1 1 2 1 2 1 2 1 1 2 1 1 4 1 1 1
5 piles remaining: 39 7 4 1 1
12 piles remaining: 24 13 2 1 1 2 3 2 1 1 1 1
11 piles remaining: 30 7 3 3 2 2 1 1 1 1 1
6 piles remaining: 44 2 2 2 1 1
7 piles remaining: 42 3 1 2 2 1 1
13 piles remaining: 14 10 4 4 1 2 4 1 3 2 3 2 2
20 piles remaining: 30 1 1 1 1 1 2 1 1 2 1 1 1 1 1 1 1 1 2 1
15 piles remaining: 3 18 9 3 2 1 3 1 6 1 1 1 1 1 1
4 piles remaining: 35 6 9 2
6 piles remaining: 35 7 5 3 1 1
7 piles remaining: 38 5 3 1 2 1 2
10 piles remaining: 33 2 2 6 3 1 1 2 1 1
6 piles remaining: 43 1 1 5 1 1
8 piles remaining: 43 3 1 1 1 1 1 1
9 piles remaining: 36 3 2 1 1 1 5 1 2
15 piles remaining: 21 11 2 1 2 1 2 2 1 2 1 3 1 1 1
8 piles remaining: 35 2 2 5 4 2 1 1
5 piles remaining: 40 1 3 5 3
17 piles remaining: 17 2 1 1 1 3 5 1 1 3 1 1 4 3 4 3 1
6 piles remaining: 44 3 1 1 2 1
11 piles remaining: 32 2 1 2 1 2 1 2 2 5 2
7 piles remaining: 19 16 5 2 4 4 2
10 piles remaining: 24 5 2 1 5 3 5 3 3 1
2 piles remaining: 51 1
7 piles remaining: 41 2 1 3 1 3 1
9 piles remaining: 30 13 1 1 1 1 3 1 1
12 piles remaining: 1 7 8 1 11 3 6 3 2 5 2 3
2 piles remaining: 49 3
4 piles remaining: 45 3 3 1
7 piles remaining: 41 6 1 1 1 1 1
10 piles remaining: 37 1 2 1 3 2 3 1 1 1
3 piles remaining: 41 10 1
7 piles remaining: 28 8 4 5 3 1 3
11 piles remaining: 33 3 3 1 3 3 1 2 1 1 1
11 piles remaining: 21 3 3 4 4 1 2 2 5 4 3
5 piles remaining: 40 6 4 1 1
6 piles remaining: 28 17 3 2 1 1
10 piles remaining: 38 3 2 1 1 1 1 3 1 1
8 piles remaining: 41 4 2 1 1 1 1 1
9 piles remaining: 42 1 1 1 1 3 1 1 1
5 piles remaining: 39 5 6 1 1
22 piles remaining: 4 1 1 4 1 5 3 5 2 4 1 2 3 2 2 2 3 1 1 1 3 1
5 piles remaining: 45 3 2 1 1
5 piles remaining: 43 2 1 5 1
9 piles remaining: 37 2 3 1 2 3 1 1 2
10 piles remaining: 29 2 8 1 4 2 3 1 1 1
3 piles remaining: 36 15 1
22 piles remaining: 9 5 5 1 1 3 1 2 2 4 2 1 3 1 2 2 1 3 1 1 1 1
5 piles remaining: 48 1 1 1 1
4 piles remaining: 40 9 2 1
10 piles remaining: 31 9 1 2 2 2 1 2 1 1
10 piles remaining: 24 14 1 1 1 3 1 4 1 2
6 piles remaining: 44 4 1 1 1 1
6 piles remaining: 45 2 1 1 1 2
6 piles remaining: 43 3 1 2 2 1
7 piles remaining: 17 3 10 5 11 1 5
2 piles remaining: 40 12
10 piles remaining: 29 8 3 2 3 1 1 1 2 2
6 piles remaining: 43 1 4 2 1 1
7 piles remaining: 36 6 1 1 3 4 1
6 piles remaining: 39 6 2 3 1 1
11 piles remaining: 26 9 5 2 4 1 1 1 1 1 1
2 piles remaining: 49 3
3 piles remaining: 42 5 5
13 piles remaining: 22 7 10 2 2 1 1 2 1 1 1 1 1
11 piles remaining: 21 15 5 2 1 1 2 1 2 1 1
10 piles remaining: 36 2 3 1 2 1 2 1 3 1
10 piles remaining: 33 3 4 4 2 2 1 1 1 1
1 pile remaining: 52
13 piles remaining: 8 10 1 5 4 3 4 1 5 4 4 2 1
13 piles remaining: 31 3 2 1 1 2 1 3 2 1 1 1 3
6 piles remaining: 24 14 2 2 9 1
5 piles remaining: 43 1 6 1 1
5 piles remaining: 36 6 8 1 1
4 piles remaining: 39 9 3 1
5 piles remaining: 44 5 1 1 1
6 piles remaining: 40 4 5 1 1 1
3 piles remaining: 49 2 1
4 piles remaining: 46 4 1 1
8 piles remaining: 44 2 1 1 1 1 1 1
18 piles remaining: 25 4 2 1 3 2 1 1 1 1 1 2 2 2 1 1 1 1
3 piles remaining: 47 4 1
8 piles remaining: 35 8 2 1 1 3 1 1
13 piles remaining: 29 1 5 1 2 1 4 2 2 1 2 1 1
7 piles remaining: 43 2 1 2 2 1 1
10 piles remaining: 30 10 2 1 1 2 3 1 1 1
7 piles remaining: 25 3 2 9 4 6 3
12 piles remaining: 15 5 5 6 3 5 3 1 2 5 1 1
11 piles remaining: 36 3 5 1 1 1 1 1 1 1 1
17 piles remaining: 8 8 4 7 8 1 1 1 2 1 4 1 1 1 2 1 1
16 piles remaining: 20 1 3 2 4 2 5 1 6 1 1 2 1 1 1 1
3 piles remaining: 47 4 1
10 piles remaining: 39 2 3 1 1 1 1 1 2 1
5 piles remaining: 28 6 15 2 1
4 piles remaining: 35 8 7 2
12 piles remaining: 27 3 2 5 2 5 3 1 1 1 1 1
4 piles remaining: 37 7 7 1
3 piles remaining: 41 9 2
3 piles remaining: 48 1 3
9 piles remaining: 42 3 1 1 1 1 1 1 1
7 piles remaining: 40 5 2 2 1 1 1
4 piles remaining: 47 2 2 1
6 piles remaining: 47 1 1 1 1 1
13 piles remaining: 36 2 3 1 2 1 1 1 1 1 1 1 1
8 piles remaining: 34 4 2 4 2 4 1 1
8 piles remaining: 31 2 1 9 3 3 1 2
4 piles remaining: 33 7 11 1
15 piles remaining: 12 19 5 1 1 3 1 1 2 1 1 2 1 1 1
4 piles remaining: 36 7 7 2
7 piles remaining: 44 1 2 2 1 1 1
5 piles remaining: 40 5 2 4 1
6 piles remaining: 42 6 1 1 1 1
15 piles remaining: 31 5 1 1 1 1 1 1 1 4 1 1 1 1 1
22 piles remaining: 7 12 1 1 2 4 1 3 1 4 1 1 1 1 1 5 1 1 1 1 1 1
5 piles remaining: 46 2 2 1 1
30 piles remaining: 5 1 1 2 5 3 1 1 1 1 2 1 1 2 2 1 1 1 2 1 2 1 1 1 4 2 1 3 1 1
18 piles remaining: 30 1 5 1 1 1 1 1 1 1 1 1 2 1 1 1 1 1
13 piles remaining: 25 12 1 2 1 1 1 2 1 2 2 1 1
4 piles remaining: 49 1 1 1
5 piles remaining: 32 8 10 1 1
5 piles remaining: 47 2 1 1 1
10 piles remaining: 38 3 3 2 1 1 1 1 1 1
25 piles remaining: 3 3 2 3 1 4 2 1 1 1 2 1 3 1 1 2 1 3 5 5 2 1 1 1 2
4 piles remaining: 33 4 13 2
14 piles remaining: 30 3 1 1 1 2 1 2 1 1 1 1 2 5
14 piles remaining: 8 4 2 6 5 1 1 1 1 3 15 2 2 1
3 piles remaining: 50 1 1
4 piles remaining: 48 2 1 1
22 piles remaining: 15 5 1 3 1 1 1 3 1 1 1 1 3 1 1 5 2 2 1 1 1 1
6 piles remaining: 26 16 4 1 2 3
20 piles remaining: 3 8 6 7 6 3 1 2 5 1 1 1 1 1 1 1 1 1 1 1
4 piles remaining: 43 7 1 1
12 piles remaining: 32 1 2 2 3 3 1 1 4 1 1 1
5 piles remaining: 43 6 1 1 1
3 piles remaining: 39 12 1
13 piles remaining: 33 1 1 2 2 3 2 2 1 1 2 1 1
4 piles remaining: 42 7 1 2
1 pile remaining: 52
3 piles remaining: 49 1 2
4 piles remaining: 43 6 1 2
6 piles remaining: 38 9 2 1 1 1
10 piles remaining: 37 2 1 1 1 5 1 2 1 1
6 piles remaining: 43 1 4 1 2 1
9 piles remaining: 36 2 4 2 1 4 1 1 1
7 piles remaining: 45 1 2 1 1 1 1
2 piles remaining: 49 3
4 piles remaining: 44 4 3 1
4 piles remaining: 41 8 2 1
15 piles remaining: 28 6 1 1 2 2 1 2 1 2 2 1 1 1 1
5 piles remaining: 36 2 4 6 4
7 piles remaining: 32 6 4 3 4 1 2
17 piles remaining: 9 10 5 4 2 1 3 1 4 3 2 2 1 2 1 1 1
15 piles remaining: 11 8 9 1 1 3 1 1 2 3 4 2 4 1 1
6 piles remaining: 38 8 2 2 1 1
7 piles remaining: 41 3 4 1 1 1 1
4 piles remaining: 47 3 1 1
10 piles remaining: 36 2 1 3 2 2 1 1 1 3
12 piles remaining: 28 8 2 1 1 1 3 3 2 1 1 1
6 piles remaining: 29 11 2 7 1 2
4 piles remaining: 48 1 2 1
8 piles remaining: 34 9 1 4 1 1 1 1
13 piles remaining: 29 1 3 1 6 1 1 2 3 1 1 2 1
4 piles remaining: 47 3 1 1
8 piles remaining: 41 2 1 1 3 1 2 1
7 piles remaining: 38 2 3 1 6 1 1
3 piles remaining: 46 3 3
14 piles remaining: 20 7 4 2 2 4 3 1 1 1 3 2 1 1
20 piles remaining: 6 3 2 1 7 1 2 6 2 1 1 1 2 6 1 2 1 3 1 3
7 piles remaining: 39 5 4 1 1 1 1
6 piles remaining: 44 3 2 1 1 1
4 piles remaining: 47 3 1 1
8 piles remaining: 35 7 3 3 1 1 1 1
3 piles remaining: 45 1 6
8 piles remaining: 41 3 2 1 1 2 1 1
9 piles remaining: 34 3 4 3 1 2 3 1 1
9 piles remaining: 20 19 3 2 3 1 2 1 1
10 piles remaining: 26 10 3 2 2 1 2 2 1 3
6 piles remaining: 46 1 1 1 1 2
6 piles remaining: 40 6 2 2 1 1
10 piles remaining: 37 4 1 2 2 1 1 2 1 1
4 piles remaining: 46 3 1 2
11 piles remaining: 31 3 8 1 2 1 2 1 1 1 1
10 piles remaining: 31 1 4 2 1 3 1 2 6 1
3 piles remaining: 49 2 1
2 piles remaining: 51 1
3 piles remaining: 39 11 2
11 piles remaining: 33 6 2 4 1 1 1 1 1 1 1
8 piles remaining: 34 11 1 1 1 1 1 2
5 piles remaining: 33 6 7 3 3
13 piles remaining: 23 6 4 2 4 3 2 3 1 1 1 1 1
29 piles remaining: 5 3 1 2 4 2 1 2 1 1 1 1 1 2 2 4 1 1 1 2 1 3 1 1 2 3 1 1 1
5 piles remaining: 45 2 3 1 1
6 piles remaining: 46 2 1 1 1 1
15 piles remaining: 25 1 2 2 1 2 1 5 3 2 1 2 2 1 2
24 piles remaining: 9 6 1 1 6 1 2 2 2 2 1 1 1 2 1 1 2 4 2 1 1 1 1 1
5 piles remaining: 34 5 11 1 1
16 piles remaining: 25 5 7 1 1 1 1 1 1 1 1 1 1 1 3 1
7 piles remaining: 38 3 5 1 2 1 2
21 piles remaining: 3 7 4 1 3 2 3 1 1 1 2 1 4 2 5 2 4 2 2 1 1
7 piles remaining: 44 2 2 1 1 1 1
14 piles remaining: 25 8 5 3 1 1 1 1 1 1 1 1 2 1
6 piles remaining: 43 2 4 1 1 1
10 piles remaining: 35 3 3 2 2 2 2 1 1 1
8 piles remaining: 30 8 1 9 1 1 1 1
3 piles remaining: 47 1 4
6 piles remaining: 41 1 1 3 3 3
4 piles remaining: 39 4 8 1
24 piles remaining: 6 6 2 1 2 1 2 1 4 4 1 2 1 1 2 1 3 2 1 5 1 1 1 1
1 pile remaining: 52
10 piles remaining: 22 17 1 2 1 3 3 1 1 1
3 piles remaining: 48 3 1
11 piles remaining: 34 2 3 1 3 1 1 3 2 1 1
13 piles remaining: 23 1 8 6 3 2 2 1 1 2 1 1 1
24 piles remaining: 9 1 1 4 1 1 2 3 1 1 1 5 4 1 3 4 1 1 1 1 1 3 1 1
7 piles remaining: 34 11 1 2 2 1 1
8 piles remaining: 31 5 4 2 4 1 1 4
19 piles remaining: 18 4 3 2 1 1 2 3 2 1 2 3 1 2 1 1 2 1 2
12 piles remaining: 33 4 1 3 1 1 1 1 4 1 1 1
11 piles remaining: 30 3 5 1 4 1 2 1 2 1 2
5 piles remaining: 45 2 3 1 1
8 piles remaining: 45 1 1 1 1 1 1 1
8 piles remaining: 36 7 1 2 3 1 1 1
10 piles remaining: 27 10 1 2 6 1 1 2 1 1
18 piles remaining: 21 3 3 3 3 3 1 1 1 2 2 1 1 1 1 2 1 2
7 piles remaining: 39 5 1 2 2 1 2
7 piles remaining: 43 4 1 1 1 1 1
13 piles remaining: 33 2 4 1 2 2 1 1 2 1 1 1 1
10 piles remaining: 36 2 4 2 2 2 1 1 1 1
6 piles remaining: 39 1 4 1 6 1
6 piles remaining: 44 2 2 2 1 1
10 piles remaining: 35 2 2 2 3 1 1 1 4 1
16 piles remaining: 28 2 5 2 1 1 2 1 1 1 2 1 1 2 1 1
10 piles remaining: 37 5 1 2 1 2 1 1 1 1
8 piles remaining: 41 1 3 1 2 1 2 1
7 piles remaining: 41 1 4 2 2 1 1
10 piles remaining: 37 5 2 1 1 1 2 1 1 1
7 piles remaining: 35 4 5 4 1 2 1
11 piles remaining: 32 2 1 3 3 2 1 1 2 2 3
4 piles remaining: 47 3 1 1
10 piles remaining: 36 2 5 2 1 2 1 1 1 1
8 piles remaining: 36 1 3 2 6 2 1 1
12 piles remaining: 36 4 1 1 3 1 1 1 1 1 1 1
9 piles remaining: 34 7 1 2 2 1 3 1 1
17 piles remaining: 24 2 1 5 1 2 1 3 1 1 1 1 3 2 2 1 1
11 piles remaining: 30 4 2 1 4 3 2 1 3 1 1
1 pile remaining: 52
11 piles remaining: 32 3 5 1 2 2 1 2 1 2 1
10 piles remaining: 17 8 5 5 1 6 4 4 1 1
7 piles remaining: 37 7 2 3 1 1 1
7 piles remaining: 39 5 3 1 2 1 1
7 piles remaining: 21 12 2 8 7 1 1
7 piles remaining: 38 2 4 3 3 1 1
9 piles remaining: 32 6 4 3 3 1 1 1 1
9 piles remaining: 34 7 3 3 1 1 1 1 1
4 piles remaining: 49 1 1 1
13 piles remaining: 33 1 2 1 1 1 3 1 2 2 3 1 1
9 piles remaining: 38 3 1 1 4 1 2 1 1
2 piles remaining: 40 12
12 piles remaining: 27 4 1 7 1 2 2 1 2 1 3 1
3 piles remaining: 40 9 3
16 piles remaining: 19 3 4 1 5 2 1 2 3 3 1 2 1 1 1 3
3 piles remaining: 50 1 1
12 piles remaining: 23 6 7 1 1 4 1 2 3 1 2 1
8 piles remaining: 30 4 7 2 4 1 2 2
20 piles remaining: 20 5 1 2 1 2 2 2 1 1 1 2 3 1 1 1 1 2 2 1
9 piles remaining: 37 1 3 4 2 2 1 1 1
5 piles remaining: 31 11 8 1 1
4 piles remaining: 31 17 2 2
2 piles remaining: 50 2
12 piles remaining: 21 9 1 2 3 2 1 5 1 5 1 1
5 piles remaining: 33 11 6 1 1
10 piles remaining: 31 6 7 2 1 1 1 1 1 1
3 piles remaining: 37 14 1
5 piles remaining: 29 6 15 1 1
4 piles remaining: 38 7 6 1
9 piles remaining: 37 5 2 2 1 1 2 1 1
10 piles remaining: 30 10 2 1 1 1 2 2 1 2
4 piles remaining: 40 5 3 4
9 piles remaining: 43 2 1 1 1 1 1 1 1
10 piles remaining: 36 3 1 3 2 1 1 1 2 2
19 piles remaining: 12 3 6 2 1 3 2 2 3 4 3 2 3 1 1 1 1 1 1
2 piles remaining: 50 2
6 piles remaining: 38 10 1 1 1 1
4 piles remaining: 44 5 2 1
9 piles remaining: 35 6 1 1 4 1 1 2 1
10 piles remaining: 37 6 1 1 1 2 1 1 1 1
13 piles remaining: 4 16 4 4 13 1 2 2 1 1 2 1 1
4 piles remaining: 43 4 1 4
3 piles remaining: 46 5 1
6 piles remaining: 45 2 2 1 1 1
10 piles remaining: 37 1 4 1 1 1 3 1 2 1
3 piles remaining: 41 10 1
24 piles remaining: 12 8 1 2 1 2 3 1 1 1 1 1 1 1 2 1 3 1 4 1 1 1 1 1
7 piles remaining: 30 5 5 4 4 3 1
11 piles remaining: 37 3 2 2 1 1 1 2 1 1 1
8 piles remaining: 36 5 1 1 1 5 1 2
13 piles remaining: 24 3 2 1 5 2 1 9 1 1 1 1 1
12 piles remaining: 30 5 4 1 1 1 2 4 1 1 1 1
15 piles remaining: 11 9 12 8 1 1 1 1 1 1 1 1 2 1 1
5 piles remaining: 42 5 3 1 1
7 piles remaining: 36 6 1 4 2 1 2
6 piles remaining: 32 13 4 1 1 1
7 piles remaining: 41 6 1 1 1 1 1
10 piles remaining: 32 4 6 2 2 1 2 1 1 1
9 piles remaining: 35 1 1 1 3 7 1 2 1
3 piles remaining: 48 3 1
3 piles remaining: 47 1 4
16 piles remaining: 33 1 1 2 2 1 1 1 1 2 1 1 1 2 1 1
6 piles remaining: 44 1 1 1 1 4
3 piles remaining: 50 1 1
6 piles remaining: 38 4 5 2 2 1
6 piles remaining: 40 3 3 1 4 1
7 piles remaining: 30 5 10 3 1 1 2
10 piles remaining: 37 2 1 1 1 1 4 1 3 1
13 piles remaining: 31 5 4 1 2 1 1 1 1 2 1 1 1
13 piles remaining: 32 3 4 2 1 2 1 1 1 1 2 1 1
14 piles remaining: 1 9 7 4 5 11 1 1 5 1 2 3 1 1
5 piles remaining: 38 5 6 2 1
4 piles remaining: 47 3 1 1
14 piles remaining: 22 4 2 4 3 3 5 3 1 1 1 1 1 1
9 piles remaining: 39 1 4 1 2 2 1 1 1
7 piles remaining: 44 2 1 1 1 2 1
29 piles remaining: 5 6 1 2 1 2 4 1 1 1 1 1 1 1 2 2 2 1 1 4 2 1 3 1 1 1 1 1 1
15 piles remaining: 23 1 3 1 4 1 1 1 2 2 4 2 5 1 1
6 piles remaining: 44 3 2 1 1 1
16 piles remaining: 17 8 2 1 2 4 1 1 1 3 2 5 2 1 1 1
2 piles remaining: 48 4
6 piles remaining: 46 1 2 1 1 1
4 piles remaining: 45 2 4 1
13 piles remaining: 30 1 1 5 2 4 3 1 1 1 1 1 1
4 piles remaining: 43 5 3 1
5 piles remaining: 44 3 2 1 2
5 piles remaining: 45 1 4 1 1
14 piles remaining: 21 1 5 1 1 1 1 2 4 7 2 2 3 1
13 piles remaining: 28 3 3 1 1 1 1 2 3 2 2 1 4
27 piles remaining: 9 1 1 2 1 1 6 1 2 2 1 1 1 2 1 1 4 2 1 3 1 1 1 1 1 2 2
3 piles remaining: 45 2 5
18 piles remaining: 22 1 3 3 1 1 3 1 1 3 1 1 1 2 3 1 2 2
6 piles remaining: 42 4 2 2 1 1
18 piles remaining: 27 2 3 2 1 1 2 1 2 1 1 2 1 2 1 1 1 1
12 piles remaining: 35 1 1 1 3 1 2 1 1 3 1 2
10 piles remaining: 26 3 3 2 1 12 2 1 1 1
3 piles remaining: 49 2 1
3 piles remaining: 42 9 1
10 piles remaining: 15 10 4 1 8 3 7 1 1 2
5 piles remaining: 41 4 5 1 1
15 piles remaining: 21 3 3 3 2 2 1 2 1 6 1 3 1 2 1
8 piles remaining: 45 1 1 1 1 1 1 1
13 piles remaining: 25 1 4 2 8 4 2 1 1 1 1 1 1
8 piles remaining: 38 5 2 3 1 1 1 1
11 piles remaining: 23 12 3 3 1 1 4 1 1 2 1
6 piles remaining: 36 6 6 1 2 1
10 piles remaining: 31 8 2 2 3 1 2 1 1 1
5 piles remaining: 47 1 2 1 1
17 piles remaining: 22 1 1 3 5 1 3 6 1 1 1 1 2 1 1 1 1
1 pile remaining: 52
17 piles remaining: 20 1 1 1 5 7 5 2 1 1 1 1 2 1 1 1 1
5 piles remaining: 45 2 3 1 1
6 piles remaining: 38 4 4 2 2 2
6 piles remaining: 37 1 5 3 4 2
9 piles remaining: 24 3 6 6 5 1 3 2 2
7 piles remaining: 39 6 1 2 1 2 1
15 piles remaining: 20 2 5 1 5 2 2 2 2 3 4 1 1 1 1
11 piles remaining: 35 7 1 2 1 1 1 1 1 1 1
13 piles remaining: 17 12 2 1 5 1 2 1 3 2 2 2 2
4 piles remaining: 47 1 3 1
4 piles remaining: 48 1 2 1
5 piles remaining: 41 6 3 1 1
3 piles remaining: 50 1 1
11 piles remaining: 34 1 1 4 1 1 1 6 1 1 1
16 piles remaining: 15 1 1 3 2 2 3 1 7 8 1 1 2 3 1 1
7 piles remaining: 9 18 6 2 13 3 1
10 piles remaining: 29 3 7 2 1 2 3 2 2 1
5 piles remaining: 45 3 2 1 1
5 piles remaining: 40 5 5 1 1
15 piles remaining: 24 5 2 2 1 3 1 4 2 2 1 1 2 1 1
13 piles remaining: 23 3 7 1 1 1 3 2 2 4 2 1 2
14 piles remaining: 16 14 2 2 2 3 1 1 1 2 1 2 1 4
11 piles remaining: 29 6 7 1 1 2 1 2 1 1 1
14 piles remaining: 21 3 2 5 1 1 2 4 6 2 1 1 1 2
12 piles remaining: 37 3 1 1 2 1 1 1 2 1 1 1
3 piles remaining: 42 5 5
5 piles remaining: 46 2 1 1 2
6 piles remaining: 41 4 2 3 1 1
10 piles remaining: 34 6 2 2 2 1 2 1 1 1
12 piles remaining: 27 2 5 2 3 3 2 3 2 1 1 1
8 piles remaining: 39 4 4 1 1 1 1 1
16 piles remaining: 24 11 1 1 1 1 1 2 1 3 1 1 1 1 1 1
3 piles remaining: 44 6 2
9 piles remaining: 40 2 2 1 1 1 1 3 1
4 piles remaining: 46 1 4 1
3 piles remaining: 48 3 1
11 piles remaining: 32 7 4 1 1 1 1 1 1 2 1
4 piles remaining: 47 3 1 1
3 piles remaining: 49 2 1
8 piles remaining: 21 8 7 7 4 3 1 1
5 piles remaining: 31 3 16 1 1
4 piles remaining: 34 12 4 2
2 piles remaining: 47 5
3 piles remaining: 46 4 2
7 piles remaining: 30 12 3 3 2 1 1
5 piles remaining: 42 7 1 1 1
9 piles remaining: 40 1 2 1 1 1 2 1 3
9 piles remaining: 35 6 2 2 2 2 1 1 1
20 piles remaining: 16 4 2 1 1 1 1 2 1 2 7 1 1 1 1 3 2 1 2 2
6 piles remaining: 45 2 2 1 1 1
3 piles remaining: 49 1 2
19 piles remaining: 21 3 2 4 3 1 1 1 1 3 1 1 1 2 2 1 1 1 2
8 piles remaining: 34 8 3 2 1 2 1 1
33 piles remaining: 2 1 1 1 1 2 5 1 1 3 1 1 1 1 2 3 2 1 2 1 2 2 3 1 1 1 1 1 1 1 2 1 2
5 piles remaining: 29 13 4 2 4
8 piles remaining: 29 7 5 5 3 1 1 1
7 piles remaining: 36 7 4 1 2 1 1
