1824 1246 945 641 378 95 0

1180 729 371 64 0

2037 1709 1233 970 632 427 240 37 0

2197 1737 1601 1250 951 606 204 18 17 0

1209 845 802 526 232 35 0

1629 1074 870 622 489 214 71 0

1286 809 686 414 548 328 121 0

727 594 396 167 0

712 544 372 202 105 0

1389 1111 832 570 274 134 0

742 601 292 123 105 0

874 635 372 144 8 0

1697 1081 543 285 66 32 0

2401 1853 1546 1310 865 500 220 107 0

950 525 248 77 0

1757 1185 1014 662 449 196 78 0

2224 1719 1331 1000 760 588 492 305 117 0

1758 1426 935 676 245 36 0

624 589 302 107 0

1350 750 622 267 90 0

1182 990 634 269 101 0

3394 2955 2510 2022 1563 1051 703 325 108 0

1015 779 564 365 110 0

2031 2316 1876 1274 824 428 178 370 161 0

2267 2129 1384 797 558 341 248 16 0

2101 1660 1367 926 615 266 69 0

3449 2762 2172 1569 1210 756 369 210 90 0

863 434 226 177 0

2183 1644 1140 850 521 305 89 0

2743 2297 1969 1315 794 556 410 208 106 0

2531 2183 1632 1222 999 627 276 127 0

686 537 290 22 0

914 602 406 237 97 0

1952 1541 1179 820 534 289 113 0

1636 1258 884 714 449 386 303 169 0

2853 2255 2102 2117 1529 985 546 290 52 0

1259 1489 1108 904 636 458 276 92 0

1180 648 395 146 71 0

1513 1208 782 974 490 200 60 0

906 740 383 176 0

695 436 331 113 0

1492 1836 1380 1253 1270 870 557 329 102 0

866 605 275 137 0

1083 705 390 185 0

175732 175501 171101 166601 162929 160454 155994 152757 146777 143269 140274 137208 135161 133732 134897 136154 132594 129418 125039 121835 121214 117316 114938 111993 107648 104360 102103 98283 95043 91351 87755 84699 83122 80911 78321 75096 76011 72159 68360 65359 62297 59415 57996 54966 53018 50363 48683 50715 47975 47617 45168 43185 40524 38990 36743 35345 34131 31749 28883 29020 26822 25239 22896 23089 21268 20276 20117 17198 15200 16250 13111 11328 11300 11712 9811 8064 5703 3778 4006 2265 1118 356 0

601673 597104 593242 590815 586502 583193 577946 571765 567520 567871 562531 558741 554323 551678 545277 542188 540946 536867 531451 527522 521183 516054 511789 507589 510790 509469 506773 501307 499724 496084 495748 494455 491569 494790 493307 488714 483792 479495 475536 473359 468716 464009 460419 457275 455122 453125 448892 446277 444138 442537 442408 439981 438498 433432 431250 428939 424783 421469 419809 417002 412835 409382 406416 405094 405367 402463 400425 396199 392315 386722 384130 385983 381868 377922 373726 371301 369717 363560 357956 353508 349991 345919 341351 336806 333393 329362 328956 324729 319770 319095 312882 312142 308088 308738 304769 302576 298239 296136 295557 293964 293404 288724 287223 283730 282804 278574 272274 276608 277026 271534 267091 265763 261738 256305 254854 249300 246074 245034 243859 244060 242453 240377 238075 235554 230464 227900 224754 221455 218961 213800 210737 211445 210351 206509 202080 198978 193848 189653 185952 181756 183484 179690 176134 174071 171080 171786 171484 168925 166896 163355 159394 156251 151830 152373 148947 144965 139818 135714 130917 135213 134670 129668 126641 123205 123878 120942 118554 117521 117885 114948 112553 112050 108780 105383 101371 95771 91487 87418 92555 88858 84749 82079 78492 74143 70858 70904 71118 68777 66318 65563 62136 57403 59067 59190 57091 55947 50874 51515 48483 45991 46235 42165 39071 37092 35547 32848 32526 30179 27625 25232 22367 22391 20893 18241 16259 14237 12171 10223 8573 7131 5500 4180 3279 2320 1827 928 246 0

516752 512303 507964 506458 500511 496123 492543 489445 483865 479048 475862 470255 466693 462282 460383 455014 453164 448148 448289 442401 440976 438632 434696 429187 426233 420857 415142 409445 406671 403346 400164 396594 390997 385788 382828 378404 374099 369965 369809 369371 364355 362160 357924 353939 349136 348888 346188 341923 337453 333872 330767 328068 323597 319311 316789 315053 311820 308276 304922 302815 298075 296538 293024 291948 291812 290350 286586 283320 279609 276215 276089 278687 279754 276128 274493 272944 270388 266473 263226 257625 253335 249217 247953 245742 246071 246133 240644 239731 235061 232963 228388 225267 221905 216709 212233 212903 210095 208116 203968 200079 197491 193938 193308 188885 184952 186805 180870 179158 176756 174220 171647 168136 166993 164962 164639 163517 159921 161185 157184 159681 156144 151258 148729 147772 145958 142205 141066 140011 137973 139165 135696 131875 128134 124726 120531 119128 116068 114909 109932 108588 106761 106693 108108 105342 102649 101413 99130 96414 93677 89767 85247 83767 87475 85740 80979 79018 76579 76007 73534 72644 69043 65873 63041 62567 61308 57684 55754 53707 50695 49402 49392 50410 48430 45066 42612 42451 39146 37247 36037 34149 31459 30328 29311 26905 24821 24542 21972 19835 18013 16480 14097 12473 12365 10156 9636 8126 6832 5759 5242 3001 2088 1222 733 300 0

318129 312968 311350 308005 303358 300476 300000 296605 293527 291582 286553 287797 284239 279853 277746 274356 270942 267663 262698 263528 258508 257122 254200 251264 248153 246963 244250 239737 236946 234051 232003 227164 238801 236220 236544 232192 229039 224246 220401 218557 216438 213115 213013 208638 209517 209707 206350 201900 197787 196378 192213 189468 188279 184819 180331 177951 175955 172416 168325 168615 165036 160775 159257 155596 153633 149927 152068 151218 146432 144044 142589 139886 136226 136260 135014 131439 128331 127414 124745 120215 118258 114681 111553 107477 103976 101020 97926 95924 92639 91297 92557 91976 87474 85319 81755 78550 76921 76627 76286 74115 72134 70562 66732 65053 61582 56379 53263 49531 47231 43642 44230 42023 39541 37457 37333 34260 31842 29453 27026 24074 21396 20993 18691 16731 15146 13116 11912 10766 8472 6891 6666 5363 4755 4182 4281 2488 987 271 0

444458 446231 441179 436865 431144 432535 427394 424602 422793 417999 417773 416805 418353 413282 410021 406425 403629 399519 394690 391932 387592 382449 378825 376242 370526 365956 360391 361993 356890 353170 353295 348374 343772 339221 337403 334918 331039 326208 320694 317105 319983 319968 316699 314493 315202 312763 310058 304514 300673 297897 301603 298272 292950 291606 287651 292901 289523 285454 281777 279739 277507 278128 273820 269996 271269 268762 264460 262122 258503 256943 254242 250323 246442 245383 244108 240384 238215 236095 231564 225938 222262 219235 219248 216499 219859 217218 211792 210236 205669 201027 200061 197918 192116 193338 188341 186309 182183 184592 182807 179753 178236 172892 171150 166474 162724 159823 156544 152451 148596 146780 143158 143659 139979 136482 134237 133621 130307 128791 124448 120062 120554 118063 112317 108238 104767 100315 97537 94441 93020 89958 87159 84716 81346 78077 77730 79045 79536 75644 73534 73467 69366 68063 71056 69278 66170 61877 58642 56754 54056 51285 49797 47625 45425 46145 43009 42263 39583 36850 34163 32563 31747 29747 27584 26454 25183 21567 18617 19465 18785 18324 16125 13376 12074 10469 11091 10378 9657 7362 5932 5063 4113 2220 1019 391 0

267385 268643 263804 263657 262634 259590 257044 255102 251237 246319 243261 242480 240806 236571 231768 229290 226656 222375 221532 219529 213029 212515 211115 207345 209615 204296 201235 198147 193297 188927 188373 186079 182434 178785 178045 174116 176315 174532 170953 166851 163525 161188 156935 154471 150160 146590 143950 145437 147393 144846 148621 145347 142860 138874 134543 131956 128955 127888 123187 120005 114834 111468 107867 104654 103101 101051 95879 92743 91051 87138 86644 86476 84150 84410 81162 80415 79650 79512 76965 81083 79896 80448 77157 72722 69758 67083 64602 60306 58931 56302 54096 51345 49517 47563 45738 43999 42631 42854 40482 36554 36076 36768 38074 34942 34696 31793 30086 28172 26669 25483 22330 20397 17501 15405 16402 15418 13125 11512 9424 7004 5659 4689 3396 2247 1287 876 431 0
