49.863
41.004
42.709
38.802
9.111
33.701
40.217
63.454
45.471
64.152
62.887
25.549
14.293
2.433
29.873
7.229
54.745
20.593
5.341
77.703
45.631
63.801
5.107
4.350
38.010
20.595
38.752
19.546
31.195
58.293
23.774
0.498
48.236
9.507
29.976
10.974
41.195
50.451
7.772
27.122
24.839
47.137
36.426
36.312
0.612
35.921
58.467
51.977
29.826
35.967
15.831
31.606
13.580
12.639
13.607
47.270
15.176
1.968
49.779
10.211
38.397
6.496
15.719
61.863
72.190
42.508
12.750
79.304
12.134
8.793
48.768
53.891
5.034
15.826
13.495
78.763
57.526
29.642
24.137
52.712
26.872
0.596
19.796
28.378
31.005
7.159
45.426
9.214
8.491
26.861
14.477
4.123
27.214
4.103
13.019
74.159
12.999
29.900
9.140
39.040
18.158
18.579
8.322
6.206
6.012
40.450
13.419
23.468
1.279
18.240
48.646
3.155
9.204
0.303
37.958
62.845
34.824
27.035
33.472
7.728
4.340
17.838
30.946
46.695
8.155
49.948
12.108
7.750
19.537
33.993
31.266
2.717
37.730
33.888
12.263
47.167
9.841
2.400
5.031
41.051
39.912
42.687
28.436
4.363
31.485
7.465
45.009
33.834
36.180
3.716
51.540
17.285
44.099
52.132
50.193
26.972
25.613
24.451
45.161
25.243
21.714
21.345
16.149
28.714
14.413
25.018
13.118
16.306
56.132
3.249
48.284
27.881
5.155
1.092
20.473
3.189
39.937
39.718
6.516
50.549
48.241
6.380
12.892
13.008
46.583
33.917
82.776
52.860
18.862
21.910
50.664
13.217
10.997
24.051
28.333
50.438
9.121
13.527
8.785
35.583
9.715
47.590
17.498
39.784
22.440
9.710
67.250
36.348
5.894
32.014
59.646
8.218
41.700
31.751
23.165
2.122
59.935
36.336
17.389
69.784
28.505
12.708
16.896
3.907
77.415
24.419
54.121
40.269
15.798
21.249
33.512
34.496
7.415
12.680
26.966
59.174
27.072
51.848
25.793
5.035
4.988
5.263
28.781
39.816
44.825
27.425
51.446
3.735
2.725
11.309
9.958
23.198
5.557
7.057
40.301
20.181
12.407
1.907
16.155
36.938
14.937
27.048
78.514
57.339
13.892
33.317
23.152
41.291
36.518
22.295
23.899
36.393
46.809
34.663
29.370
35.704
5.462
23.899
1.330
50.096
20.398
11.928
12.819
24.549
27.938
29.996
16.655
36.996
10.959
23.942
93.670
29.523
35.189
32.456
26.977
2.850
46.775
3.674
57.475
10.901
5.798
2.866
21.620
5.503
30.783
35.104
46.137
24.535
4.395
20.964
49.966
24.984
28.669
14.622
32.017
34.122
65.012
69.161
27.186
34.036
29.880
28.022
22.170
29.627
3.056
75.320
27.887
54.494
5.563
59.381
39.957
20.659
53.138
36.580
35.440
2.179
2.412
15.735
12.004
73.633
35.463
17.481
28.051
66.816
25.247
38.653
2.312
9.531
1.357
38.981
3.043
4.768
22.672
31.141
36.342
43.950
62.381
5.500
55.674
34.192
8.668
39.302
21.935
42.206
18.627
61.933
67.172
33.986
1.880
55.703
27.241
55.267
9.897
23.984
50.216
2.014
43.721
52.107
10.543
47.359
41.913
10.721
10.871
11.033
5.917
48.414
68.028
3.001
28.662
46.538
5.165
57.299
55.795
18.333
15.325
46.718
4.481
19.775
18.108
43.216
24.195
36.166
6.126
29.204
47.625
84.593
80.639
34.615
56.611
71.039
9.261
15.575
0.924
55.824
48.177
45.796
45.933
52.726
12.807
57.035
28.540
79.419
17.079
79.379
12.501
5.787
23.722
5.862
53.295
60.084
58.706
29.489
4.805
26.345
17.273
35.749
20.769
5.848
29.175
6.940
1.622
46.502
54.847
57.601
63.992
43.048
2.375
25.907
5.012
2.480
31.532
27.391
20.778
18.622
86.546
43.823
10.900
20.330
29.655
10.090
13.758
19.516
36.819
46.570
12.704
41.879
63.830
15.531
6.857
4.393
69.451
85.294
13.295
3.349
20.891
18.224
11.002
49.187
25.091
14.907
23.257
23.160
34.098
64.744
33.646
40.937
94.700
22.958
42.594
31.806
35.148
28.993
55.892
73.668
10.796
56.570
62.890
13.270
14.029
1.945
