22932
5357
5274
4735
6422
2081
4651
4445
17334
5162
5748
4028
7452
456
3029
1394
6514
5471
4850
9362
1402
9529
4257
9707
2315
7651
4939
4870
5658
6904
4270
4270
5775
7714
4354
7549
33167
10010
4811
8489
3399
1244
967
4024
12752
4820
8277
1865
4665
5740
13543
5484
578
3287
57596
875
8945
4774
6418
2681
2510
16382
842
5085
48454
3111
904
6224
6655
6108
2690
7723
2297
3911
9569
928
4693
3325
13376
1068
3592
2067
122222
1035
4006
1676
2966
1752
12653
9130
3239
3420
5472
2983
16111
1823
3732
6288
7771
5835
6339
61063
8193
811
8311
3282
3834
3928
384
5410
14029
52904
4480
19381
6690
6350
982
14908
17948
41678
88183
8880
5253
2700
1626
4497
2807
5781
11417
3126
4507
1729
6957
4849
6367
17373
2590
1533
2630
4662
5809
6854
47572
3929
4139
845
6249
24709
8680
7428
7732
2368
4156
5060
1607
9694
8398
2612
1184
23189
11798
1750
3743
17363
2094
1577
3589
2824
34510
11650
2860
40111
7416
4092
7725
6231
2469
982
8837
14233
2551
2775
2685
13071
5712
947
4219
5128
13520
17072
5612
2031
10161
14408
4940
3400
8971
3297
8138
880
4781
1342
8836
17898
4788
23254
2562
6040
1532
21935
4747
4479
1906
3700
8402
2213
25530
71732
5528
15917
8296
2750
6179
11176
3323
9460
7635
4745
9398
9514
2537
3695
1983
14750
3701
4423
8339
29446
4597
3720
1588
2088
3764
27005
2158
5641
3601
13396
6811
1425
633
14004
3966
67590
1960
6172
7998
5906
36090
7959
7821
17110
17038
6530
4302
4890
946
5814
6014
10356
4773
1762
3236
1195
4780
638
24855
25508
70191
7537
11310
16085
5728
69347
8318
4496
2259
5124
5561
8805
9383
6975
7200
42221
6670
1078
1177
2107
7040
2489
16796
3776
4358
3915
3743
4094
28861
3356
9578
121879
2857
65136
11150
5557
6000
61810
12987
13396
9356
6765
5878
16574
1005
7182
15212
6063
4753
6239
4755
3132
21065
5301
11967
6668
22028
4936
1417
10970
8336
2990
4689
1314
5071
3807
23208
78121
21611
1640
12581
1442
4555
6422
5724
5293
15868
6729
2355
9441
16950
5448
2947
17650
22901
2902
3356
4705
62692
13516
8864
14578
5639
45178
131776
6884
1071
14974
2560
3523
70036
5671
11060
7809
2270
3838
580
5906
8417
3020
1824
3655
23818
8082
1997
917
5017
1906
17574
34943
1579
12195
4841
28692
5924
4224
2474
2669
997
760
10493
2286
11253
8948
25459
3625
4269
1892
3249
6021
9967
6189
11375
1674
924
3072
2085
6797
5161
6398
4650
4283
12534
7545
7034
8718
5988
4228
10632
25009
2513
1119
3222
1103
6126
1608
1131
8321
1412
6542
2306
3208
2900
1676
2303
2442
8172
1288
742
4224
16605
2553
7662
18701
17489
3119
4741
2762
16752
8752
6006
26068
2124
6670
3127
10946
854
1569
12298
9556
44097
4101
962
5418
4685
8180
4152
3720
6289
2108
27210
2264
1660
3182
15314
57650
1566
1423
23316
11144
1222
1674
