2123
3151
403
211
1021
901
1261
3345
3444
106
820
330
6133
209
2814
2868
1090
1965
1509
5495
1069
4959
159
3186
317
216
824
1914
519
1995
6298
714
878
2476
2840
4429
3656
1130
547
614
303
3349
3657
964
85
314
685
2078
684
597
5024
445
2267
2518
2092
3444
938
1340
4199
224
3146
1491
2922
443
814
1229
1360
1175
30
1025
11408
266033
368348
436521
85281
108327
310248
458650
60261
43926
186053
337723
341986
93372
68532
149772
261756
311789
150741
135932
303173
368846
195439
197191
64667
184336
351485
14955
169864
220507
