44.62 149.54
51.43 200.56
88.19 573.54
48.73 210.36
79.46 328.32
49.60 129.68
84.81 293.47
78.62 230.67
55.27 87.53
86.37 602.13
35.43 130.76
66.20 71.25
31.73 154.45
43.19 220.29
68.13 195.40
75.65 87.59
86.62 260.55
59.27 100.16
68.92 203.23
50.91 208.85
75.94 295.52
44.23 170.95
41.69 190.83
77.19 298.99
47.44 79.57
62.01 44.65
89.82 2106.14
49.80 139.30
31.95 108.41
50.97 81.72
62.75 92.67
50.65 149.55
51.88 217.89
47.15 211.80
74.70 226.03
64.12 235.38
56.00 217.76
88.76 382.59
29.55 142.61
58.56 165.18
68.69 169.37
64.82 69.64
69.14 256.75
73.48 241.10
60.90 122.27
32.92 187.16
81.26 354.64
76.71 252.91
58.14 152.43
53.15 77.95
50.58 173.16
50.16 87.04
47.40 121.24
59.46 97.42
50.30 200.05
50.94 195.83
48.20 153.67
83.74 258.36
83.14 244.11
65.43 151.63
38.40 209.02
45.17 218.56
47.20 231.28
48.09 193.38
42.63 223.82
41.89 200.28
67.55 182.80
45.21 167.18
76.04 196.54
82.67 304.23
53.44 132.44
68.46 226.78
48.77 166.15
73.91 236.58
89.40 1309.54
54.99 235.75
55.97 207.30
62.34 143.79
84.32 448.40
38.52 177.54
47.60 118.55
82.71 300.71
67.13 196.69
43.09 218.87
71.58 269.42
49.80 217.15
73.63 134.76
72.61 240.83
76.77 220.49
34.64 171.35
58.71 171.93
43.08 97.53
48.11 82.31
66.40 192.06
40.09 174.50
71.39 68.59
38.48 212.87
56.06 90.38
50.81 61.82
67.41 60.38
74.26 116.74
84.18 466.93
88.81 988.16
72.34 127.89
49.00 121.15
42.85 158.15
45.61 89.64
89.54 1687.21
45.47 205.73
41.85 167.79
86.92 585.40
60.57 156.38
66.63 87.27
31.40 118.05
36.63 188.58
37.26 128.38
43.91 111.59
59.51 122.59
49.68 94.11
52.64 178.27
70.03 112.52
34.22 151.02
87.23 528.21
74.11 245.64
75.23 278.52
83.80 386.44
79.76 228.93
69.87 274.68
59.31 193.97
61.06 129.03
80.68 156.56
61.83 153.85
50.18 139.31
68.24 227.97
57.38 58.02
75.96 319.00
44.17 119.12
83.63 436.79
56.27 137.78
44.97 156.56
24.74 250.49
48.33 171.55
51.62 102.91
89.84 1054.33
45.96 188.13
52.13 143.49
75.07 302.77
47.10 126.42
34.89 96.57
58.24 171.40
67.30 121.83
76.49 276.44
82.92 369.82
62.23 221.95
58.99 40.77
39.95 152.95
40.10 189.94
67.13 142.16
63.65 64.94
40.77 212.63
37.50 223.73
79.94 288.74
70.78 298.53
88.61 760.69
66.04 222.93
69.64 117.12
69.51 116.08
80.44 369.89
61.82 66.85
86.01 222.27
60.37 181.09
53.19 124.75
73.31 250.41
61.17 155.25
0.00 355822.93
80.45 361.62
87.02 468.37
70.31 238.06
55.79 136.23
84.84 267.63
80.36 93.08
74.80 293.32
59.18 111.77
66.84 241.77
75.27 107.94
58.97 154.53
71.79 161.48
48.75 169.20
47.50 209.79
67.91 85.09
85.40 268.93
79.35 108.93
80.67 346.93
44.94 126.64
53.74 133.60
69.02 144.63
52.11 111.15
60.36 236.88
47.44 67.72
77.71 326.44
